<?xml version="1.0" encoding="UTF-8"?>
<!-- Generated by org.testng.reporters.JUnitReportReporter -->
<testsuite skipped="0" hostname="Busras-MacBook-Pro.local" name="com.kbb.tests.TestCase16" tests="1" failures="0" timestamp="26 Mar 2018 05:44:14 GMT" time="14.605" errors="0">
  <testcase name="testListedCars" time="14.605" classname="com.kbb.tests.TestCase16"/>
</testsuite> <!-- com.kbb.tests.TestCase16 -->
