<?xml version="1.0" encoding="UTF-8"?>
<!-- Generated by org.testng.reporters.JUnitReportReporter -->
<testsuite skipped="0" hostname="Busras-MacBook-Pro.local" name="com.kbb.tests.TestCase18" tests="1" failures="0" timestamp="26 Mar 2018 15:52:44 GMT" time="20.635" errors="0">
  <testcase name="testListedCars" time="20.635" classname="com.kbb.tests.TestCase18"/>
</testsuite> <!-- com.kbb.tests.TestCase18 -->
