<?xml version="1.0" encoding="UTF-8"?>
<!-- Generated by org.testng.reporters.JUnitReportReporter -->
<testsuite skipped="0" hostname="Busras-MacBook-Pro.local" name="com.kbb.tests.TestCase17" tests="1" failures="0" timestamp="26 Mar 2018 05:43:22 GMT" time="15.457" errors="0">
  <testcase name="testListedCars" time="15.457" classname="com.kbb.tests.TestCase17"/>
</testsuite> <!-- com.kbb.tests.TestCase17 -->
