<?xml version="1.0" encoding="UTF-8"?>
<!-- Generated by org.testng.reporters.JUnitReportReporter -->
<testsuite skipped="0" hostname="Busras-MacBook-Pro.local" name="com.kbb.tests.SmokeTest" tests="1" failures="0" timestamp="27 Mar 2018 00:30:59 GMT" time="27.727" errors="0">
  <testcase name="setUp" time="27.727" classname="com.kbb.tests.SmokeTest"/>
</testsuite> <!-- com.kbb.tests.SmokeTest -->
