<?xml version="1.0" encoding="UTF-8"?>
<!-- Generated by org.testng.reporters.JUnitReportReporter -->
<testsuite skipped="0" hostname="Busras-MacBook-Pro.local" name="com.kbb.tests.TestCase13" tests="1" failures="0" timestamp="26 Mar 2018 15:51:17 GMT" time="49.351" errors="0">
  <testcase name="test" time="49.351" classname="com.kbb.tests.TestCase13"/>
</testsuite> <!-- com.kbb.tests.TestCase13 -->
